<?xml version="1.0" encoding="UTF-8" ?>
<testsuite errors="12" failures="0" hostname="dks-K53E" name="test.unit.model.PensionTest" skipped="0" tests="12" time="0.014" timestamp="2019-09-14T06:20:37">
  <properties>
[...]
</properties>
  <testcase classname="test.unit.model.PensionTest" name="testVerifyMaxCurrentAge" time="0.001">
    <error message="Could not initialize class main.ValidateInputs" type="java.lang.NoClassDefFoundError">java.lang.NoClassDefFoundError: Could not initialize class main.ValidateInputs
	at test.unit.model.PensionTest.testVerifyMaxCurrentAge(PensionTest.java:114)
	at java.base/jdk.internal.reflect.NativeMethodAccessorImpl.invoke0(Native Method)
	at java.base/jdk.internal.reflect.NativeMethodAccessorImpl.invoke(NativeMethodAccessorImpl.java:62)
	at java.base/jdk.internal.reflect.DelegatingMethodAccessorImpl.invoke(DelegatingMethodAccessorImpl.java:43)
</error>
  </testcase>
  <testcase classname="test.unit.model.PensionTest" name="testHappyCase" time="0.001">
    <error message="Could not initialize class model.Account" type="java.lang.NoClassDefFoundError">java.lang.NoClassDefFoundError: Could not initialize class model.Account
	at test.unit.model.PensionTest.testHappyCase(PensionTest.java:44)
	at java.base/jdk.internal.reflect.NativeMethodAccessorImpl.invoke0(Native Method)
	at java.base/jdk.internal.reflect.NativeMethodAccessorImpl.invoke(NativeMethodAccessorImpl.java:62)
	at java.base/jdk.internal.reflect.DelegatingMethodAccessorImpl.invoke(DelegatingMethodAccessorImpl.java:43)
</error>
  </testcase>
  <testcase classname="test.unit.model.PensionTest" name="testVerifyTaxability" time="0.001">
    <error message="Could not initialize class model.Pension" type="java.lang.NoClassDefFoundError">java.lang.NoClassDefFoundError: Could not initialize class model.Pension
	at test.unit.model.PensionTest.testVerifyTaxability(PensionTest.java:160)
	at java.base/jdk.internal.reflect.NativeMethodAccessorImpl.invoke0(Native Method)
	at java.base/jdk.internal.reflect.NativeMethodAccessorImpl.invoke(NativeMethodAccessorImpl.java:62)
	at java.base/jdk.internal.reflect.DelegatingMethodAccessorImpl.invoke(DelegatingMethodAccessorImpl.java:43)
</error>
  </testcase>
  <testcase classname="test.unit.model.PensionTest" name="testVerifyMinDeathAge" time="0.0">
    <error message="Could not initialize class main.ValidateInputs" type="java.lang.NoClassDefFoundError">java.lang.NoClassDefFoundError: Could not initialize class main.ValidateInputs
	at test.unit.model.PensionTest.testVerifyMinDeathAge(PensionTest.java:136)
	at java.base/jdk.internal.reflect.NativeMethodAccessorImpl.invoke0(Native Method)
	at java.base/jdk.internal.reflect.NativeMethodAccessorImpl.invoke(NativeMethodAccessorImpl.java:62)
	at java.base/jdk.internal.reflect.DelegatingMethodAccessorImpl.invoke(DelegatingMethodAccessorImpl.java:43)
</error>
  </testcase>
  <testcase classname="test.unit.model.PensionTest" name="testVerifyDeathAge" time="0.001">
    <error message="Could not initialize class main.ValidateInputs" type="java.lang.NoClassDefFoundError">java.lang.NoClassDefFoundError: Could not initialize class main.ValidateInputs
	at test.unit.model.PensionTest.testVerifyDeathAge(PensionTest.java:148)
	at java.base/jdk.internal.reflect.NativeMethodAccessorImpl.invoke0(Native Method)
	at java.base/jdk.internal.reflect.NativeMethodAccessorImpl.invoke(NativeMethodAccessorImpl.java:62)
	at java.base/jdk.internal.reflect.DelegatingMethodAccessorImpl.invoke(DelegatingMethodAccessorImpl.java:43)
</error>
  </testcase>
  <testcase classname="test.unit.model.PensionTest" name="testVerifyMinStartAge" time="0.0">
    <error message="Could not initialize class main.ValidateInputs" type="java.lang.NoClassDefFoundError">java.lang.NoClassDefFoundError: Could not initialize class main.ValidateInputs
	at test.unit.model.PensionTest.testVerifyMinStartAge(PensionTest.java:53)
	at java.base/jdk.internal.reflect.NativeMethodAccessorImpl.invoke0(Native Method)
	at java.base/jdk.internal.reflect.NativeMethodAccessorImpl.invoke(NativeMethodAccessorImpl.java:62)
	at java.base/jdk.internal.reflect.DelegatingMethodAccessorImpl.invoke(DelegatingMethodAccessorImpl.java:43)
</error>
  </testcase>
  <testcase classname="test.unit.model.PensionTest" name="testVerifyMinCurrentAge" time="0.0">
    <error message="Could not initialize class main.ValidateInputs" type="java.lang.NoClassDefFoundError">java.lang.NoClassDefFoundError: Could not initialize class main.ValidateInputs
	at test.unit.model.PensionTest.testVerifyMinCurrentAge(PensionTest.java:103)
	at java.base/jdk.internal.reflect.NativeMethodAccessorImpl.invoke0(Native Method)
	at java.base/jdk.internal.reflect.NativeMethodAccessorImpl.invoke(NativeMethodAccessorImpl.java:62)
	at java.base/jdk.internal.reflect.DelegatingMethodAccessorImpl.invoke(DelegatingMethodAccessorImpl.java:43)
</error>
  </testcase>
  <testcase classname="test.unit.model.PensionTest" name="testVerifyMaxInflation" time="0.0">
    <error message="Could not initialize class model.Pension" type="java.lang.NoClassDefFoundError">java.lang.NoClassDefFoundError: Could not initialize class model.Pension
	at test.unit.model.PensionTest.testVerifyMaxInflation(PensionTest.java:94)
	at java.base/jdk.internal.reflect.NativeMethodAccessorImpl.invoke0(Native Method)
	at java.base/jdk.internal.reflect.NativeMethodAccessorImpl.invoke(NativeMethodAccessorImpl.java:62)
	at java.base/jdk.internal.reflect.DelegatingMethodAccessorImpl.invoke(DelegatingMethodAccessorImpl.java:43)
</error>
  </testcase>
  <testcase classname="test.unit.model.PensionTest" name="testVerifyMaxStartAge" time="0.0">
    <error message="Could not initialize class main.ValidateInputs" type="java.lang.NoClassDefFoundError">java.lang.NoClassDefFoundError: Could not initialize class main.ValidateInputs
	at test.unit.model.PensionTest.testVerifyMaxStartAge(PensionTest.java:66)
	at java.base/jdk.internal.reflect.NativeMethodAccessorImpl.invoke0(Native Method)
	at java.base/jdk.internal.reflect.NativeMethodAccessorImpl.invoke(NativeMethodAccessorImpl.java:62)
	at java.base/jdk.internal.reflect.DelegatingMethodAccessorImpl.invoke(DelegatingMethodAccessorImpl.java:43)
</error>
  </testcase>
  <testcase classname="test.unit.model.PensionTest" name="testVerifyMinInflation" time="0.001">
    <error message="Could not initialize class model.Pension" type="java.lang.NoClassDefFoundError">java.lang.NoClassDefFoundError: Could not initialize class model.Pension
	at test.unit.model.PensionTest.testVerifyMinInflation(PensionTest.java:82)
	at java.base/jdk.internal.reflect.NativeMethodAccessorImpl.invoke0(Native Method)
	at java.base/jdk.internal.reflect.NativeMethodAccessorImpl.invoke(NativeMethodAccessorImpl.java:62)
	at java.base/jdk.internal.reflect.DelegatingMethodAccessorImpl.invoke(DelegatingMethodAccessorImpl.java:43)
</error>
  </testcase>
  <testcase classname="test.unit.model.PensionTest" name="testVerifyPensionIsZero" time="0.001">
    <error message="Could not initialize class model.Pension" type="java.lang.NoClassDefFoundError">java.lang.NoClassDefFoundError: Could not initialize class model.Pension
	at test.unit.model.PensionTest.testVerifyPensionIsZero(PensionTest.java:167)
	at java.base/jdk.internal.reflect.NativeMethodAccessorImpl.invoke0(Native Method)
	at java.base/jdk.internal.reflect.NativeMethodAccessorImpl.invoke(NativeMethodAccessorImpl.java:62)
	at java.base/jdk.internal.reflect.DelegatingMethodAccessorImpl.invoke(DelegatingMethodAccessorImpl.java:43)
</error>
  </testcase>
  <testcase classname="test.unit.model.PensionTest" name="testVerifyCurrentYear" time="0.001">
    <error message="Could not initialize class model.Pension" type="java.lang.NoClassDefFoundError">java.lang.NoClassDefFoundError: Could not initialize class model.Pension
	at test.unit.model.PensionTest.testVerifyCurrentYear(PensionTest.java:127)
	at java.base/jdk.internal.reflect.NativeMethodAccessorImpl.invoke0(Native Method)
	at java.base/jdk.internal.reflect.NativeMethodAccessorImpl.invoke(NativeMethodAccessorImpl.java:62)
	at java.base/jdk.internal.reflect.DelegatingMethodAccessorImpl.invoke(DelegatingMethodAccessorImpl.java:43)
</error>
  </testcase>
  <system-out><![CDATA[]]></system-out>
  <system-err><![CDATA[]]></system-err>
</testsuite>
